hecking log directory for disk usage. This may take awhile.
Press Ctrl-C to interrupt
Done checking log file disk usage. Usage is <1GB.

started roslaunch server http://vcm-2568.vm.duke.edu:44775/
ros_comm version 1.13.6


SUMMARY
========

PARAMETERS
 * /rosdistro: lunar
 * /rosversion: 1.13.6

NODES

auto-starting new master
process[master]: started with pid [130034]
ROS_MASTER_URI=http://vcm-2568.vm.duke.edu:11311/

setting /run_id to bbc1ed46-40b5-11e8-91c2-005056a168fb
process[rosout-1]: started with pid [130047]
started core service [/rosout]
[ERROR] [1523805913.485014833]: a header of over a gigabyte was predicted in tcpros. that seems highly unlikely, so I'll assume protocol synchronization is lost.
[ERROR] [1523805919.110420921]: a header of over a gigabyte was predicted in tcpros. that seems highly unlikely, so I'll assume protocol synchronization is lost.
[ERROR] [1523805919.112254084]: a header of over a gigabyte was predicted in tcpros. that seems highly unlikely, so I'll assume protocol synchronization is lost.
[ERROR] [1523805919.113446756]: a header of over a gigabyte was predicted in tcpros. that seems highly unlikely, so I'll assume protocol synchronization is lost.
[ERROR] [1523805919.115298989]: a header of over a gigabyte was predicted in tcpros. that seems highly unlikely, so I'll assume protocol synchronization is lost.
[ERROR] [1523805955.912527036]: a header of over a gigabyte was predicted in tcpros. that seems highly unlikely, so I'll assume protocol synchronization is lost.
================================================================================REQUIRED process [master] has died!
process has died [pid 130034, exit code -9, cmd rosmaster --core -p 11311 -w 3 __log:=/home/yt113/.ros/log/bbc1ed46-40b5-11e8-91c2-005056a168fb/master.log].
log file: /home/yt113/.ros/log/bbc1ed46-40b5-11e8-91c2-005056a168fb/master*.log
Initiating shutdown!
================================================================================
[rosout-1] killing on exit
[master] killing on exit
shutting down processing monitor...
... shutting down processing monitor complete
done

