Determining if the pthread_create exist failed with the following output:
Change Dir: /home/yt113/catkin_ws/build/CMakeFiles/CMakeTmp

Run Build Command:"/usr/bin/make" "cmTC_22937/fast"
/usr/bin/make -f CMakeFiles/cmTC_22937.dir/build.make CMakeFiles/cmTC_22937.dir/build
make[1]: Entering directory '/home/yt113/catkin_ws/build/CMakeFiles/CMakeTmp'
Building C object CMakeFiles/cmTC_22937.dir/CheckSymbolExists.c.o
/usr/bin/cc     -o CMakeFiles/cmTC_22937.dir/CheckSymbolExists.c.o   -c /home/yt113/catkin_ws/build/CMakeFiles/CMakeTmp/CheckSymbolExists.c
Linking C executable cmTC_22937
/usr/bin/cmake -E cmake_link_script CMakeFiles/cmTC_22937.dir/link.txt --verbose=1
/usr/bin/cc       CMakeFiles/cmTC_22937.dir/CheckSymbolExists.c.o  -o cmTC_22937 -rdynamic 
CMakeFiles/cmTC_22937.dir/CheckSymbolExists.c.o: In function `main':
CheckSymbolExists.c:(.text+0x16): undefined reference to `pthread_create'
collect2: error: ld returned 1 exit status
CMakeFiles/cmTC_22937.dir/build.make:97: recipe for target 'cmTC_22937' failed
make[1]: *** [cmTC_22937] Error 1
make[1]: Leaving directory '/home/yt113/catkin_ws/build/CMakeFiles/CMakeTmp'
Makefile:126: recipe for target 'cmTC_22937/fast' failed
make: *** [cmTC_22937/fast] Error 2

File /home/yt113/catkin_ws/build/CMakeFiles/CMakeTmp/CheckSymbolExists.c:
/* */
#include <pthread.h>

int main(int argc, char** argv)
{
  (void)argv;
#ifndef pthread_create
  return ((int*)(&pthread_create))[argc];
#else
  (void)argc;
  return 0;
#endif
}

Determining if the function pthread_create exists in the pthreads failed with the following output:
Change Dir: /home/yt113/catkin_ws/build/CMakeFiles/CMakeTmp

Run Build Command:"/usr/bin/make" "cmTC_4e135/fast"
/usr/bin/make -f CMakeFiles/cmTC_4e135.dir/build.make CMakeFiles/cmTC_4e135.dir/build
make[1]: Entering directory '/home/yt113/catkin_ws/build/CMakeFiles/CMakeTmp'
Building C object CMakeFiles/cmTC_4e135.dir/CheckFunctionExists.c.o
/usr/bin/cc    -DCHECK_FUNCTION_EXISTS=pthread_create   -o CMakeFiles/cmTC_4e135.dir/CheckFunctionExists.c.o   -c /usr/share/cmake-3.5/Modules/CheckFunctionExists.c
Linking C executable cmTC_4e135
/usr/bin/cmake -E cmake_link_script CMakeFiles/cmTC_4e135.dir/link.txt --verbose=1
/usr/bin/cc   -DCHECK_FUNCTION_EXISTS=pthread_create    CMakeFiles/cmTC_4e135.dir/CheckFunctionExists.c.o  -o cmTC_4e135 -rdynamic -lpthreads 
/usr/bin/ld: cannot find -lpthreads
collect2: error: ld returned 1 exit status
CMakeFiles/cmTC_4e135.dir/build.make:97: recipe for target 'cmTC_4e135' failed
make[1]: *** [cmTC_4e135] Error 1
make[1]: Leaving directory '/home/yt113/catkin_ws/build/CMakeFiles/CMakeTmp'
Makefile:126: recipe for target 'cmTC_4e135/fast' failed
make: *** [cmTC_4e135/fast] Error 2


